INFO - 2024-12-11 04:51:22 --> Session: Class initialized using 'CodeIgniter\Session\Handlers\FileHandler' driver.
INFO - 2024-12-11 04:55:13 --> Session: Class initialized using 'CodeIgniter\Session\Handlers\FileHandler' driver.
INFO - 2024-12-11 05:42:08 --> Session: Class initialized using 'CodeIgniter\Session\Handlers\FileHandler' driver.
INFO - 2024-12-11 05:42:42 --> Session: Class initialized using 'CodeIgniter\Session\Handlers\FileHandler' driver.
INFO - 2024-12-11 05:45:32 --> Session: Class initialized using 'CodeIgniter\Session\Handlers\FileHandler' driver.
INFO - 2024-12-11 05:49:03 --> Session: Class initialized using 'CodeIgniter\Session\Handlers\FileHandler' driver.
INFO - 2024-12-11 05:49:13 --> Session: Class initialized using 'CodeIgniter\Session\Handlers\FileHandler' driver.
INFO - 2024-12-11 05:49:16 --> Session: Class initialized using 'CodeIgniter\Session\Handlers\FileHandler' driver.
INFO - 2024-12-11 05:49:26 --> Session: Class initialized using 'CodeIgniter\Session\Handlers\FileHandler' driver.
INFO - 2024-12-11 05:55:08 --> Session: Class initialized using 'CodeIgniter\Session\Handlers\FileHandler' driver.
INFO - 2024-12-11 05:55:44 --> Session: Class initialized using 'CodeIgniter\Session\Handlers\FileHandler' driver.
INFO - 2024-12-11 05:55:44 --> Session: Class initialized using 'CodeIgniter\Session\Handlers\FileHandler' driver.
INFO - 2024-12-11 05:55:51 --> Session: Class initialized using 'CodeIgniter\Session\Handlers\FileHandler' driver.
INFO - 2024-12-11 05:55:53 --> Session: Class initialized using 'CodeIgniter\Session\Handlers\FileHandler' driver.
INFO - 2024-12-11 05:56:04 --> Session: Class initialized using 'CodeIgniter\Session\Handlers\FileHandler' driver.
INFO - 2024-12-11 05:56:04 --> Session: Class initialized using 'CodeIgniter\Session\Handlers\FileHandler' driver.
INFO - 2024-12-11 05:56:25 --> Session: Class initialized using 'CodeIgniter\Session\Handlers\FileHandler' driver.
INFO - 2024-12-11 05:57:16 --> Session: Class initialized using 'CodeIgniter\Session\Handlers\FileHandler' driver.
INFO - 2024-12-11 05:57:27 --> Session: Class initialized using 'CodeIgniter\Session\Handlers\FileHandler' driver.
INFO - 2024-12-11 05:58:05 --> Session: Class initialized using 'CodeIgniter\Session\Handlers\FileHandler' driver.
INFO - 2024-12-11 05:58:08 --> Session: Class initialized using 'CodeIgniter\Session\Handlers\FileHandler' driver.
INFO - 2024-12-11 05:58:20 --> Session: Class initialized using 'CodeIgniter\Session\Handlers\FileHandler' driver.
INFO - 2024-12-11 05:58:20 --> Session: Class initialized using 'CodeIgniter\Session\Handlers\FileHandler' driver.
INFO - 2024-12-11 05:58:28 --> Session: Class initialized using 'CodeIgniter\Session\Handlers\FileHandler' driver.
INFO - 2024-12-11 05:58:50 --> Session: Class initialized using 'CodeIgniter\Session\Handlers\FileHandler' driver.
INFO - 2024-12-11 05:58:59 --> Session: Class initialized using 'CodeIgniter\Session\Handlers\FileHandler' driver.
INFO - 2024-12-11 05:58:59 --> Session: Class initialized using 'CodeIgniter\Session\Handlers\FileHandler' driver.
INFO - 2024-12-11 05:59:39 --> Session: Class initialized using 'CodeIgniter\Session\Handlers\FileHandler' driver.
INFO - 2024-12-11 05:59:41 --> Session: Class initialized using 'CodeIgniter\Session\Handlers\FileHandler' driver.
CRITICAL - 2024-12-11 05:59:54 --> CodeIgniter\View\Exceptions\ViewException: Invalid file: "login.php"
[Method: GET, Route: login]
in SYSTEMPATH\Exceptions\FrameworkException.php on line 41.
 1 SYSTEMPATH\View\View.php(222): CodeIgniter\Exceptions\FrameworkException::forInvalidFile('login.php')
 2 SYSTEMPATH\Common.php(1171): CodeIgniter\View\View->render('login', [], true)
 3 APPPATH\Controllers\LoginController.php(12): view('login', [...])
 4 SYSTEMPATH\CodeIgniter.php(933): App\Controllers\LoginController->create()
 5 SYSTEMPATH\CodeIgniter.php(509): CodeIgniter\CodeIgniter->runController(Object(App\Controllers\LoginController))
 6 SYSTEMPATH\CodeIgniter.php(355): CodeIgniter\CodeIgniter->handleRequest(null, Object(Config\Cache), false)
 7 SYSTEMPATH\Boot.php(325): CodeIgniter\CodeIgniter->run()
 8 SYSTEMPATH\Boot.php(67): CodeIgniter\Boot::runCodeIgniter(Object(CodeIgniter\CodeIgniter))
 9 FCPATH\index.php(56): CodeIgniter\Boot::bootWeb(Object(Config\Paths))
10 SYSTEMPATH\rewrite.php(44): require_once('C:\\xampp\\htdocs\\sneha\\codeigniter\\adminpanel_ci\\public\\index.php')
INFO - 2024-12-11 06:00:25 --> Session: Class initialized using 'CodeIgniter\Session\Handlers\FileHandler' driver.
INFO - 2024-12-11 06:00:29 --> Session: Class initialized using 'CodeIgniter\Session\Handlers\FileHandler' driver.
INFO - 2024-12-11 06:00:42 --> Session: Class initialized using 'CodeIgniter\Session\Handlers\FileHandler' driver.
INFO - 2024-12-11 06:00:42 --> Session: Class initialized using 'CodeIgniter\Session\Handlers\FileHandler' driver.
INFO - 2024-12-11 06:00:52 --> Session: Class initialized using 'CodeIgniter\Session\Handlers\FileHandler' driver.
INFO - 2024-12-11 06:00:52 --> Session: Class initialized using 'CodeIgniter\Session\Handlers\FileHandler' driver.
CRITICAL - 2024-12-11 06:01:16 --> CodeIgniter\View\Exceptions\ViewException: Invalid file: "login/.php"
[Method: GET, Route: login]
in SYSTEMPATH\Exceptions\FrameworkException.php on line 41.
 1 SYSTEMPATH\View\View.php(222): CodeIgniter\Exceptions\FrameworkException::forInvalidFile('login/.php')
 2 SYSTEMPATH\Common.php(1171): CodeIgniter\View\View->render('login/', [], true)
 3 APPPATH\Controllers\LoginController.php(12): view('login/', [...])
 4 SYSTEMPATH\CodeIgniter.php(933): App\Controllers\LoginController->create()
 5 SYSTEMPATH\CodeIgniter.php(509): CodeIgniter\CodeIgniter->runController(Object(App\Controllers\LoginController))
 6 SYSTEMPATH\CodeIgniter.php(355): CodeIgniter\CodeIgniter->handleRequest(null, Object(Config\Cache), false)
 7 SYSTEMPATH\Boot.php(325): CodeIgniter\CodeIgniter->run()
 8 SYSTEMPATH\Boot.php(67): CodeIgniter\Boot::runCodeIgniter(Object(CodeIgniter\CodeIgniter))
 9 FCPATH\index.php(56): CodeIgniter\Boot::bootWeb(Object(Config\Paths))
10 SYSTEMPATH\rewrite.php(44): require_once('C:\\xampp\\htdocs\\sneha\\codeigniter\\adminpanel_ci\\public\\index.php')
INFO - 2024-12-11 06:01:29 --> Session: Class initialized using 'CodeIgniter\Session\Handlers\FileHandler' driver.
INFO - 2024-12-11 06:01:30 --> Session: Class initialized using 'CodeIgniter\Session\Handlers\FileHandler' driver.
INFO - 2024-12-11 06:04:57 --> Session: Class initialized using 'CodeIgniter\Session\Handlers\FileHandler' driver.
INFO - 2024-12-11 06:05:44 --> Session: Class initialized using 'CodeIgniter\Session\Handlers\FileHandler' driver.
INFO - 2024-12-11 06:05:45 --> Session: Class initialized using 'CodeIgniter\Session\Handlers\FileHandler' driver.
INFO - 2024-12-11 06:05:47 --> Session: Class initialized using 'CodeIgniter\Session\Handlers\FileHandler' driver.
INFO - 2024-12-11 06:06:08 --> Session: Class initialized using 'CodeIgniter\Session\Handlers\FileHandler' driver.
INFO - 2024-12-11 06:06:10 --> Session: Class initialized using 'CodeIgniter\Session\Handlers\FileHandler' driver.
INFO - 2024-12-11 06:06:11 --> Session: Class initialized using 'CodeIgniter\Session\Handlers\FileHandler' driver.
INFO - 2024-12-11 06:10:45 --> Session: Class initialized using 'CodeIgniter\Session\Handlers\FileHandler' driver.
INFO - 2024-12-11 06:10:59 --> Session: Class initialized using 'CodeIgniter\Session\Handlers\FileHandler' driver.
INFO - 2024-12-11 06:11:00 --> Session: Class initialized using 'CodeIgniter\Session\Handlers\FileHandler' driver.
INFO - 2024-12-11 06:11:17 --> Session: Class initialized using 'CodeIgniter\Session\Handlers\FileHandler' driver.
INFO - 2024-12-11 06:11:17 --> Session: Class initialized using 'CodeIgniter\Session\Handlers\FileHandler' driver.
INFO - 2024-12-11 06:11:54 --> Session: Class initialized using 'CodeIgniter\Session\Handlers\FileHandler' driver.
INFO - 2024-12-11 06:11:54 --> Session: Class initialized using 'CodeIgniter\Session\Handlers\FileHandler' driver.
INFO - 2024-12-11 06:12:00 --> Session: Class initialized using 'CodeIgniter\Session\Handlers\FileHandler' driver.
INFO - 2024-12-11 06:12:20 --> Session: Class initialized using 'CodeIgniter\Session\Handlers\FileHandler' driver.
INFO - 2024-12-11 06:12:28 --> Session: Class initialized using 'CodeIgniter\Session\Handlers\FileHandler' driver.
INFO - 2024-12-11 06:12:29 --> Session: Class initialized using 'CodeIgniter\Session\Handlers\FileHandler' driver.
INFO - 2024-12-11 06:12:31 --> Session: Class initialized using 'CodeIgniter\Session\Handlers\FileHandler' driver.
INFO - 2024-12-11 06:12:32 --> Session: Class initialized using 'CodeIgniter\Session\Handlers\FileHandler' driver.
INFO - 2024-12-11 06:12:34 --> Session: Class initialized using 'CodeIgniter\Session\Handlers\FileHandler' driver.
INFO - 2024-12-11 06:13:38 --> Session: Class initialized using 'CodeIgniter\Session\Handlers\FileHandler' driver.
INFO - 2024-12-11 06:13:38 --> Session: Class initialized using 'CodeIgniter\Session\Handlers\FileHandler' driver.
INFO - 2024-12-11 06:13:44 --> Session: Class initialized using 'CodeIgniter\Session\Handlers\FileHandler' driver.
INFO - 2024-12-11 06:13:45 --> Session: Class initialized using 'CodeIgniter\Session\Handlers\FileHandler' driver.
INFO - 2024-12-11 06:13:53 --> Session: Class initialized using 'CodeIgniter\Session\Handlers\FileHandler' driver.
INFO - 2024-12-11 06:13:53 --> Session: Class initialized using 'CodeIgniter\Session\Handlers\FileHandler' driver.
INFO - 2024-12-11 06:16:04 --> Session: Class initialized using 'CodeIgniter\Session\Handlers\FileHandler' driver.
INFO - 2024-12-11 06:16:12 --> Session: Class initialized using 'CodeIgniter\Session\Handlers\FileHandler' driver.
INFO - 2024-12-11 06:16:12 --> Session: Class initialized using 'CodeIgniter\Session\Handlers\FileHandler' driver.
INFO - 2024-12-11 06:16:19 --> Session: Class initialized using 'CodeIgniter\Session\Handlers\FileHandler' driver.
INFO - 2024-12-11 06:18:44 --> Session: Class initialized using 'CodeIgniter\Session\Handlers\FileHandler' driver.
INFO - 2024-12-11 06:18:45 --> Session: Class initialized using 'CodeIgniter\Session\Handlers\FileHandler' driver.
INFO - 2024-12-11 06:18:51 --> Session: Class initialized using 'CodeIgniter\Session\Handlers\FileHandler' driver.
INFO - 2024-12-11 06:18:52 --> Session: Class initialized using 'CodeIgniter\Session\Handlers\FileHandler' driver.
INFO - 2024-12-11 06:18:52 --> Session: Class initialized using 'CodeIgniter\Session\Handlers\FileHandler' driver.
INFO - 2024-12-11 06:18:52 --> Session: Class initialized using 'CodeIgniter\Session\Handlers\FileHandler' driver.
INFO - 2024-12-11 06:18:58 --> Session: Class initialized using 'CodeIgniter\Session\Handlers\FileHandler' driver.
INFO - 2024-12-11 06:18:58 --> Session: Class initialized using 'CodeIgniter\Session\Handlers\FileHandler' driver.
INFO - 2024-12-11 06:19:04 --> Session: Class initialized using 'CodeIgniter\Session\Handlers\FileHandler' driver.
INFO - 2024-12-11 06:19:04 --> Session: Class initialized using 'CodeIgniter\Session\Handlers\FileHandler' driver.
INFO - 2024-12-11 06:19:12 --> Session: Class initialized using 'CodeIgniter\Session\Handlers\FileHandler' driver.
INFO - 2024-12-11 06:21:03 --> Session: Class initialized using 'CodeIgniter\Session\Handlers\FileHandler' driver.
INFO - 2024-12-11 06:21:09 --> Session: Class initialized using 'CodeIgniter\Session\Handlers\FileHandler' driver.
INFO - 2024-12-11 06:21:17 --> Session: Class initialized using 'CodeIgniter\Session\Handlers\FileHandler' driver.
INFO - 2024-12-11 06:21:22 --> Session: Class initialized using 'CodeIgniter\Session\Handlers\FileHandler' driver.
INFO - 2024-12-11 06:25:29 --> Session: Class initialized using 'CodeIgniter\Session\Handlers\FileHandler' driver.
INFO - 2024-12-11 06:25:41 --> Session: Class initialized using 'CodeIgniter\Session\Handlers\FileHandler' driver.
INFO - 2024-12-11 06:29:09 --> Session: Class initialized using 'CodeIgniter\Session\Handlers\FileHandler' driver.
INFO - 2024-12-11 06:29:15 --> Session: Class initialized using 'CodeIgniter\Session\Handlers\FileHandler' driver.
INFO - 2024-12-11 06:30:23 --> Session: Class initialized using 'CodeIgniter\Session\Handlers\FileHandler' driver.
INFO - 2024-12-11 06:30:53 --> Session: Class initialized using 'CodeIgniter\Session\Handlers\FileHandler' driver.
INFO - 2024-12-11 06:31:44 --> Session: Class initialized using 'CodeIgniter\Session\Handlers\FileHandler' driver.
INFO - 2024-12-11 06:31:57 --> Session: Class initialized using 'CodeIgniter\Session\Handlers\FileHandler' driver.
INFO - 2024-12-11 06:32:24 --> Session: Class initialized using 'CodeIgniter\Session\Handlers\FileHandler' driver.
INFO - 2024-12-11 06:32:44 --> Session: Class initialized using 'CodeIgniter\Session\Handlers\FileHandler' driver.
INFO - 2024-12-11 06:33:22 --> Session: Class initialized using 'CodeIgniter\Session\Handlers\FileHandler' driver.
INFO - 2024-12-11 06:33:22 --> Session: Class initialized using 'CodeIgniter\Session\Handlers\FileHandler' driver.
INFO - 2024-12-11 06:33:47 --> Session: Class initialized using 'CodeIgniter\Session\Handlers\FileHandler' driver.
INFO - 2024-12-11 06:33:48 --> Session: Class initialized using 'CodeIgniter\Session\Handlers\FileHandler' driver.
INFO - 2024-12-11 06:33:50 --> Session: Class initialized using 'CodeIgniter\Session\Handlers\FileHandler' driver.
INFO - 2024-12-11 06:33:56 --> Session: Class initialized using 'CodeIgniter\Session\Handlers\FileHandler' driver.
INFO - 2024-12-11 06:33:56 --> Session: Class initialized using 'CodeIgniter\Session\Handlers\FileHandler' driver.
INFO - 2024-12-11 06:34:06 --> Session: Class initialized using 'CodeIgniter\Session\Handlers\FileHandler' driver.
INFO - 2024-12-11 06:34:06 --> Session: Class initialized using 'CodeIgniter\Session\Handlers\FileHandler' driver.
INFO - 2024-12-11 06:36:26 --> Session: Class initialized using 'CodeIgniter\Session\Handlers\FileHandler' driver.
INFO - 2024-12-11 06:38:05 --> Session: Class initialized using 'CodeIgniter\Session\Handlers\FileHandler' driver.
INFO - 2024-12-11 06:38:13 --> Session: Class initialized using 'CodeIgniter\Session\Handlers\FileHandler' driver.
INFO - 2024-12-11 06:38:20 --> Session: Class initialized using 'CodeIgniter\Session\Handlers\FileHandler' driver.
INFO - 2024-12-11 06:38:26 --> Session: Class initialized using 'CodeIgniter\Session\Handlers\FileHandler' driver.
INFO - 2024-12-11 06:38:32 --> Session: Class initialized using 'CodeIgniter\Session\Handlers\FileHandler' driver.
INFO - 2024-12-11 06:38:37 --> Session: Class initialized using 'CodeIgniter\Session\Handlers\FileHandler' driver.
INFO - 2024-12-11 06:38:42 --> Session: Class initialized using 'CodeIgniter\Session\Handlers\FileHandler' driver.
INFO - 2024-12-11 06:38:50 --> Session: Class initialized using 'CodeIgniter\Session\Handlers\FileHandler' driver.
INFO - 2024-12-11 06:39:18 --> Session: Class initialized using 'CodeIgniter\Session\Handlers\FileHandler' driver.
INFO - 2024-12-11 06:39:48 --> Session: Class initialized using 'CodeIgniter\Session\Handlers\FileHandler' driver.
INFO - 2024-12-11 06:39:56 --> Session: Class initialized using 'CodeIgniter\Session\Handlers\FileHandler' driver.
INFO - 2024-12-11 06:39:57 --> Session: Class initialized using 'CodeIgniter\Session\Handlers\FileHandler' driver.
INFO - 2024-12-11 06:40:03 --> Session: Class initialized using 'CodeIgniter\Session\Handlers\FileHandler' driver.
INFO - 2024-12-11 06:40:03 --> Session: Class initialized using 'CodeIgniter\Session\Handlers\FileHandler' driver.
INFO - 2024-12-11 06:40:04 --> Session: Class initialized using 'CodeIgniter\Session\Handlers\FileHandler' driver.
INFO - 2024-12-11 06:40:04 --> Session: Class initialized using 'CodeIgniter\Session\Handlers\FileHandler' driver.
INFO - 2024-12-11 06:40:07 --> Session: Class initialized using 'CodeIgniter\Session\Handlers\FileHandler' driver.
INFO - 2024-12-11 06:52:02 --> Session: Class initialized using 'CodeIgniter\Session\Handlers\FileHandler' driver.
INFO - 2024-12-11 06:52:02 --> Session: Class initialized using 'CodeIgniter\Session\Handlers\FileHandler' driver.
INFO - 2024-12-11 07:01:35 --> Session: Class initialized using 'CodeIgniter\Session\Handlers\FileHandler' driver.
CRITICAL - 2024-12-11 07:13:38 --> CodeIgniter\View\Exceptions\ViewException: Invalid file: "create.php"
[Method: GET, Route: create]
in SYSTEMPATH\Exceptions\FrameworkException.php on line 41.
 1 SYSTEMPATH\View\View.php(222): CodeIgniter\Exceptions\FrameworkException::forInvalidFile('create.php')
 2 SYSTEMPATH\Common.php(1171): CodeIgniter\View\View->render('create', [], true)
 3 APPPATH\Controllers\Customer.php(11): view('create')
 4 SYSTEMPATH\CodeIgniter.php(933): App\Controllers\Customer->create()
 5 SYSTEMPATH\CodeIgniter.php(509): CodeIgniter\CodeIgniter->runController(Object(App\Controllers\Customer))
 6 SYSTEMPATH\CodeIgniter.php(355): CodeIgniter\CodeIgniter->handleRequest(null, Object(Config\Cache), false)
 7 SYSTEMPATH\Boot.php(325): CodeIgniter\CodeIgniter->run()
 8 SYSTEMPATH\Boot.php(67): CodeIgniter\Boot::runCodeIgniter(Object(CodeIgniter\CodeIgniter))
 9 FCPATH\index.php(56): CodeIgniter\Boot::bootWeb(Object(Config\Paths))
10 SYSTEMPATH\rewrite.php(44): require_once('C:\\xampp\\htdocs\\sneha\\codeigniter\\adminpanel_ci\\public\\index.php')
CRITICAL - 2024-12-11 07:19:18 --> CodeIgniter\View\Exceptions\ViewException: Invalid file: "customer.php"
[Method: GET, Route: customer]
in SYSTEMPATH\Exceptions\FrameworkException.php on line 41.
 1 SYSTEMPATH\View\View.php(222): CodeIgniter\Exceptions\FrameworkException::forInvalidFile('customer.php')
 2 SYSTEMPATH\Common.php(1171): CodeIgniter\View\View->render('customer', [], true)
 3 APPPATH\Controllers\Customer.php(11): view('customer')
 4 SYSTEMPATH\CodeIgniter.php(933): App\Controllers\Customer->customer()
 5 SYSTEMPATH\CodeIgniter.php(509): CodeIgniter\CodeIgniter->runController(Object(App\Controllers\Customer))
 6 SYSTEMPATH\CodeIgniter.php(355): CodeIgniter\CodeIgniter->handleRequest(null, Object(Config\Cache), false)
 7 SYSTEMPATH\Boot.php(325): CodeIgniter\CodeIgniter->run()
 8 SYSTEMPATH\Boot.php(67): CodeIgniter\Boot::runCodeIgniter(Object(CodeIgniter\CodeIgniter))
 9 FCPATH\index.php(56): CodeIgniter\Boot::bootWeb(Object(Config\Paths))
10 SYSTEMPATH\rewrite.php(44): require_once('C:\\xampp\\htdocs\\sneha\\codeigniter\\adminpanel_ci\\public\\index.php')
INFO - 2024-12-11 07:22:12 --> Session: Class initialized using 'CodeIgniter\Session\Handlers\FileHandler' driver.
CRITICAL - 2024-12-11 07:25:51 --> ArgumentCountError: Too few arguments to function App\Controllers\Customer::update(), 0 passed in C:\xampp\htdocs\sneha\codeigniter\adminpanel_ci\system\CodeIgniter.php on line 933 and exactly 1 expected
[Method: POST, Route: customer/update]
in APPPATH\Controllers\Customer.php on line 93.
 1 SYSTEMPATH\CodeIgniter.php(933): App\Controllers\Customer->update()
 2 SYSTEMPATH\CodeIgniter.php(509): CodeIgniter\CodeIgniter->runController(Object(App\Controllers\Customer))
 3 SYSTEMPATH\CodeIgniter.php(355): CodeIgniter\CodeIgniter->handleRequest(null, Object(Config\Cache), false)
 4 SYSTEMPATH\Boot.php(325): CodeIgniter\CodeIgniter->run()
 5 SYSTEMPATH\Boot.php(67): CodeIgniter\Boot::runCodeIgniter(Object(CodeIgniter\CodeIgniter))
 6 FCPATH\index.php(56): CodeIgniter\Boot::bootWeb(Object(Config\Paths))
 7 SYSTEMPATH\rewrite.php(44): require_once('C:\\xampp\\htdocs\\sneha\\codeigniter\\adminpanel_ci\\public\\index.php')
CRITICAL - 2024-12-11 07:29:16 --> ArgumentCountError: Too few arguments to function App\Controllers\Customer::update(), 0 passed in C:\xampp\htdocs\sneha\codeigniter\adminpanel_ci\system\CodeIgniter.php on line 933 and exactly 1 expected
[Method: POST, Route: customer/update]
in APPPATH\Controllers\Customer.php on line 91.
 1 SYSTEMPATH\CodeIgniter.php(933): App\Controllers\Customer->update()
 2 SYSTEMPATH\CodeIgniter.php(509): CodeIgniter\CodeIgniter->runController(Object(App\Controllers\Customer))
 3 SYSTEMPATH\CodeIgniter.php(355): CodeIgniter\CodeIgniter->handleRequest(null, Object(Config\Cache), false)
 4 SYSTEMPATH\Boot.php(325): CodeIgniter\CodeIgniter->run()
 5 SYSTEMPATH\Boot.php(67): CodeIgniter\Boot::runCodeIgniter(Object(CodeIgniter\CodeIgniter))
 6 FCPATH\index.php(56): CodeIgniter\Boot::bootWeb(Object(Config\Paths))
 7 SYSTEMPATH\rewrite.php(44): require_once('C:\\xampp\\htdocs\\sneha\\codeigniter\\adminpanel_ci\\public\\index.php')
CRITICAL - 2024-12-11 07:32:42 --> ArgumentCountError: Too few arguments to function App\Controllers\Customer::update(), 0 passed in C:\xampp\htdocs\sneha\codeigniter\adminpanel_ci\system\CodeIgniter.php on line 933 and exactly 1 expected
[Method: POST, Route: customer/update]
in APPPATH\Controllers\Customer.php on line 91.
 1 SYSTEMPATH\CodeIgniter.php(933): App\Controllers\Customer->update()
 2 SYSTEMPATH\CodeIgniter.php(509): CodeIgniter\CodeIgniter->runController(Object(App\Controllers\Customer))
 3 SYSTEMPATH\CodeIgniter.php(355): CodeIgniter\CodeIgniter->handleRequest(null, Object(Config\Cache), false)
 4 SYSTEMPATH\Boot.php(325): CodeIgniter\CodeIgniter->run()
 5 SYSTEMPATH\Boot.php(67): CodeIgniter\Boot::runCodeIgniter(Object(CodeIgniter\CodeIgniter))
 6 FCPATH\index.php(56): CodeIgniter\Boot::bootWeb(Object(Config\Paths))
 7 SYSTEMPATH\rewrite.php(44): require_once('C:\\xampp\\htdocs\\sneha\\codeigniter\\adminpanel_ci\\public\\index.php')
CRITICAL - 2024-12-11 07:36:43 --> ArgumentCountError: Too few arguments to function App\Controllers\Customer::update(), 0 passed in C:\xampp\htdocs\sneha\codeigniter\adminpanel_ci\system\CodeIgniter.php on line 933 and exactly 1 expected
[Method: POST, Route: customer/update]
in APPPATH\Controllers\Customer.php on line 91.
 1 SYSTEMPATH\CodeIgniter.php(933): App\Controllers\Customer->update()
 2 SYSTEMPATH\CodeIgniter.php(509): CodeIgniter\CodeIgniter->runController(Object(App\Controllers\Customer))
 3 SYSTEMPATH\CodeIgniter.php(355): CodeIgniter\CodeIgniter->handleRequest(null, Object(Config\Cache), false)
 4 SYSTEMPATH\Boot.php(325): CodeIgniter\CodeIgniter->run()
 5 SYSTEMPATH\Boot.php(67): CodeIgniter\Boot::runCodeIgniter(Object(CodeIgniter\CodeIgniter))
 6 FCPATH\index.php(56): CodeIgniter\Boot::bootWeb(Object(Config\Paths))
 7 SYSTEMPATH\rewrite.php(44): require_once('C:\\xampp\\htdocs\\sneha\\codeigniter\\adminpanel_ci\\public\\index.php')
INFO - 2024-12-11 07:46:01 --> Session: Class initialized using 'CodeIgniter\Session\Handlers\FileHandler' driver.
INFO - 2024-12-11 07:46:03 --> Session: Class initialized using 'CodeIgniter\Session\Handlers\FileHandler' driver.
INFO - 2024-12-11 07:46:05 --> Session: Class initialized using 'CodeIgniter\Session\Handlers\FileHandler' driver.
INFO - 2024-12-11 07:49:17 --> Session: Class initialized using 'CodeIgniter\Session\Handlers\FileHandler' driver.
CRITICAL - 2024-12-11 08:22:37 --> Error: Object of class App\Models\CustomerModel could not be converted to string
[Method: GET, Route: customer/fetchCustomer/8]
in APPPATH\Controllers\Customer.php on line 73.
 1 SYSTEMPATH\CodeIgniter.php(933): App\Controllers\Customer->fetchCustomer('8')
 2 SYSTEMPATH\CodeIgniter.php(509): CodeIgniter\CodeIgniter->runController(Object(App\Controllers\Customer))
 3 SYSTEMPATH\CodeIgniter.php(355): CodeIgniter\CodeIgniter->handleRequest(null, Object(Config\Cache), false)
 4 SYSTEMPATH\Boot.php(325): CodeIgniter\CodeIgniter->run()
 5 SYSTEMPATH\Boot.php(67): CodeIgniter\Boot::runCodeIgniter(Object(CodeIgniter\CodeIgniter))
 6 FCPATH\index.php(56): CodeIgniter\Boot::bootWeb(Object(Config\Paths))
 7 SYSTEMPATH\rewrite.php(44): require_once('C:\\xampp\\htdocs\\sneha\\codeigniter\\adminpanel_ci\\public\\index.php')
CRITICAL - 2024-12-11 08:22:52 --> Error: Object of class App\Models\CustomerModel could not be converted to string
[Method: GET, Route: customer/fetchCustomer/7]
in APPPATH\Controllers\Customer.php on line 73.
 1 SYSTEMPATH\CodeIgniter.php(933): App\Controllers\Customer->fetchCustomer('7')
 2 SYSTEMPATH\CodeIgniter.php(509): CodeIgniter\CodeIgniter->runController(Object(App\Controllers\Customer))
 3 SYSTEMPATH\CodeIgniter.php(355): CodeIgniter\CodeIgniter->handleRequest(null, Object(Config\Cache), false)
 4 SYSTEMPATH\Boot.php(325): CodeIgniter\CodeIgniter->run()
 5 SYSTEMPATH\Boot.php(67): CodeIgniter\Boot::runCodeIgniter(Object(CodeIgniter\CodeIgniter))
 6 FCPATH\index.php(56): CodeIgniter\Boot::bootWeb(Object(Config\Paths))
 7 SYSTEMPATH\rewrite.php(44): require_once('C:\\xampp\\htdocs\\sneha\\codeigniter\\adminpanel_ci\\public\\index.php')
CRITICAL - 2024-12-11 08:23:27 --> Error: Object of class App\Models\CustomerModel could not be converted to string
[Method: GET, Route: customer/fetchCustomer/7]
in APPPATH\Controllers\Customer.php on line 73.
 1 SYSTEMPATH\CodeIgniter.php(933): App\Controllers\Customer->fetchCustomer('7')
 2 SYSTEMPATH\CodeIgniter.php(509): CodeIgniter\CodeIgniter->runController(Object(App\Controllers\Customer))
 3 SYSTEMPATH\CodeIgniter.php(355): CodeIgniter\CodeIgniter->handleRequest(null, Object(Config\Cache), false)
 4 SYSTEMPATH\Boot.php(325): CodeIgniter\CodeIgniter->run()
 5 SYSTEMPATH\Boot.php(67): CodeIgniter\Boot::runCodeIgniter(Object(CodeIgniter\CodeIgniter))
 6 FCPATH\index.php(56): CodeIgniter\Boot::bootWeb(Object(Config\Paths))
 7 SYSTEMPATH\rewrite.php(44): require_once('C:\\xampp\\htdocs\\sneha\\codeigniter\\adminpanel_ci\\public\\index.php')
CRITICAL - 2024-12-11 08:23:28 --> Error: Object of class App\Models\CustomerModel could not be converted to string
[Method: GET, Route: customer/fetchCustomer/8]
in APPPATH\Controllers\Customer.php on line 73.
 1 SYSTEMPATH\CodeIgniter.php(933): App\Controllers\Customer->fetchCustomer('8')
 2 SYSTEMPATH\CodeIgniter.php(509): CodeIgniter\CodeIgniter->runController(Object(App\Controllers\Customer))
 3 SYSTEMPATH\CodeIgniter.php(355): CodeIgniter\CodeIgniter->handleRequest(null, Object(Config\Cache), false)
 4 SYSTEMPATH\Boot.php(325): CodeIgniter\CodeIgniter->run()
 5 SYSTEMPATH\Boot.php(67): CodeIgniter\Boot::runCodeIgniter(Object(CodeIgniter\CodeIgniter))
 6 FCPATH\index.php(56): CodeIgniter\Boot::bootWeb(Object(Config\Paths))
 7 SYSTEMPATH\rewrite.php(44): require_once('C:\\xampp\\htdocs\\sneha\\codeigniter\\adminpanel_ci\\public\\index.php')
CRITICAL - 2024-12-11 10:00:01 --> ErrorException: Undefined variable $customer
[Method: GET, Route: customer/display]
in APPPATH\Views\customer\view_customer.php on line 43.
 1 APPPATH\Views\customer\view_customer.php(43): CodeIgniter\Debug\Exceptions->errorHandler(2, 'Undefined variable $customer', 'C:\\xampp\\htdocs\\sneha\\codeigniter\\adminpanel_ci\\app\\Views\\customer\\view_customer.php', 43)
 2 SYSTEMPATH\View\View.php(234): include('C:\\xampp\\htdocs\\sneha\\codeigniter\\adminpanel_ci\\app\\Views\\customer\\view_customer.php')
 3 SYSTEMPATH\View\View.php(237): CodeIgniter\View\View->CodeIgniter\View\{closure}()
 4 SYSTEMPATH\Common.php(1171): CodeIgniter\View\View->render('customer/view_customer', [], true)
 5 APPPATH\Controllers\Customer.php(129): view('customer/view_customer')
 6 SYSTEMPATH\CodeIgniter.php(933): App\Controllers\Customer->display()
 7 SYSTEMPATH\CodeIgniter.php(509): CodeIgniter\CodeIgniter->runController(Object(App\Controllers\Customer))
 8 SYSTEMPATH\CodeIgniter.php(355): CodeIgniter\CodeIgniter->handleRequest(null, Object(Config\Cache), false)
 9 SYSTEMPATH\Boot.php(325): CodeIgniter\CodeIgniter->run()
10 SYSTEMPATH\Boot.php(67): CodeIgniter\Boot::runCodeIgniter(Object(CodeIgniter\CodeIgniter))
11 FCPATH\index.php(56): CodeIgniter\Boot::bootWeb(Object(Config\Paths))
12 SYSTEMPATH\rewrite.php(44): require_once('C:\\xampp\\htdocs\\sneha\\codeigniter\\adminpanel_ci\\public\\index.php')
CRITICAL - 2024-12-11 10:00:32 --> ErrorException: Undefined variable $customer
[Method: GET, Route: customer/display]
in APPPATH\Views\customer\view_customer.php on line 93.
 1 APPPATH\Views\customer\view_customer.php(93): CodeIgniter\Debug\Exceptions->errorHandler(2, 'Undefined variable $customer', 'C:\\xampp\\htdocs\\sneha\\codeigniter\\adminpanel_ci\\app\\Views\\customer\\view_customer.php', 93)
 2 SYSTEMPATH\View\View.php(234): include('C:\\xampp\\htdocs\\sneha\\codeigniter\\adminpanel_ci\\app\\Views\\customer\\view_customer.php')
 3 SYSTEMPATH\View\View.php(237): CodeIgniter\View\View->CodeIgniter\View\{closure}()
 4 SYSTEMPATH\Common.php(1171): CodeIgniter\View\View->render('customer/view_customer', [], true)
 5 APPPATH\Controllers\Customer.php(129): view('customer/view_customer')
 6 SYSTEMPATH\CodeIgniter.php(933): App\Controllers\Customer->display()
 7 SYSTEMPATH\CodeIgniter.php(509): CodeIgniter\CodeIgniter->runController(Object(App\Controllers\Customer))
 8 SYSTEMPATH\CodeIgniter.php(355): CodeIgniter\CodeIgniter->handleRequest(null, Object(Config\Cache), false)
 9 SYSTEMPATH\Boot.php(325): CodeIgniter\CodeIgniter->run()
10 SYSTEMPATH\Boot.php(67): CodeIgniter\Boot::runCodeIgniter(Object(CodeIgniter\CodeIgniter))
11 FCPATH\index.php(56): CodeIgniter\Boot::bootWeb(Object(Config\Paths))
12 SYSTEMPATH\rewrite.php(44): require_once('C:\\xampp\\htdocs\\sneha\\codeigniter\\adminpanel_ci\\public\\index.php')
CRITICAL - 2024-12-11 10:24:45 --> Error: Object of class App\Models\CustomerModel could not be converted to string
[Method: GET, Route: customer/details/8]
in APPPATH\Controllers\Customer.php on line 134.
 1 SYSTEMPATH\CodeIgniter.php(933): App\Controllers\Customer->details('8')
 2 SYSTEMPATH\CodeIgniter.php(509): CodeIgniter\CodeIgniter->runController(Object(App\Controllers\Customer))
 3 SYSTEMPATH\CodeIgniter.php(355): CodeIgniter\CodeIgniter->handleRequest(null, Object(Config\Cache), false)
 4 SYSTEMPATH\Boot.php(325): CodeIgniter\CodeIgniter->run()
 5 SYSTEMPATH\Boot.php(67): CodeIgniter\Boot::runCodeIgniter(Object(CodeIgniter\CodeIgniter))
 6 FCPATH\index.php(56): CodeIgniter\Boot::bootWeb(Object(Config\Paths))
 7 SYSTEMPATH\rewrite.php(44): require_once('C:\\xampp\\htdocs\\sneha\\codeigniter\\adminpanel_ci\\public\\index.php')
CRITICAL - 2024-12-11 10:37:57 --> Error: Object of class App\Models\CustomerModel could not be converted to string
[Method: GET, Route: customer/details/12]
in APPPATH\Controllers\Customer.php on line 134.
 1 SYSTEMPATH\CodeIgniter.php(933): App\Controllers\Customer->details('12')
 2 SYSTEMPATH\CodeIgniter.php(509): CodeIgniter\CodeIgniter->runController(Object(App\Controllers\Customer))
 3 SYSTEMPATH\CodeIgniter.php(355): CodeIgniter\CodeIgniter->handleRequest(null, Object(Config\Cache), false)
 4 SYSTEMPATH\Boot.php(325): CodeIgniter\CodeIgniter->run()
 5 SYSTEMPATH\Boot.php(67): CodeIgniter\Boot::runCodeIgniter(Object(CodeIgniter\CodeIgniter))
 6 FCPATH\index.php(56): CodeIgniter\Boot::bootWeb(Object(Config\Paths))
 7 SYSTEMPATH\rewrite.php(44): require_once('C:\\xampp\\htdocs\\sneha\\codeigniter\\adminpanel_ci\\public\\index.php')
CRITICAL - 2024-12-11 11:28:50 --> CodeIgniter\View\Exceptions\ViewException: Invalid file: "event/event.php"
[Method: GET, Route: event]
in SYSTEMPATH\Exceptions\FrameworkException.php on line 41.
 1 SYSTEMPATH\View\View.php(222): CodeIgniter\Exceptions\FrameworkException::forInvalidFile('event/event.php')
 2 SYSTEMPATH\Common.php(1171): CodeIgniter\View\View->render('event/event', [], true)
 3 APPPATH\Controllers\EventController.php(11): view('event/event')
 4 SYSTEMPATH\CodeIgniter.php(933): App\Controllers\EventController->create()
 5 SYSTEMPATH\CodeIgniter.php(509): CodeIgniter\CodeIgniter->runController(Object(App\Controllers\EventController))
 6 SYSTEMPATH\CodeIgniter.php(355): CodeIgniter\CodeIgniter->handleRequest(null, Object(Config\Cache), false)
 7 SYSTEMPATH\Boot.php(325): CodeIgniter\CodeIgniter->run()
 8 SYSTEMPATH\Boot.php(67): CodeIgniter\Boot::runCodeIgniter(Object(CodeIgniter\CodeIgniter))
 9 FCPATH\index.php(56): CodeIgniter\Boot::bootWeb(Object(Config\Paths))
10 SYSTEMPATH\rewrite.php(44): require_once('C:\\xampp\\htdocs\\sneha\\codeigniter\\adminpanel_ci\\public\\index.php')
CRITICAL - 2024-12-11 12:03:02 --> Error: Method name must be a string
[Method: POST, Route: event/insert]
in APPPATH\Controllers\EventController.php on line 56.
 1 SYSTEMPATH\CodeIgniter.php(933): App\Controllers\EventController->insert()
 2 SYSTEMPATH\CodeIgniter.php(509): CodeIgniter\CodeIgniter->runController(Object(App\Controllers\EventController))
 3 SYSTEMPATH\CodeIgniter.php(355): CodeIgniter\CodeIgniter->handleRequest(null, Object(Config\Cache), false)
 4 SYSTEMPATH\Boot.php(325): CodeIgniter\CodeIgniter->run()
 5 SYSTEMPATH\Boot.php(67): CodeIgniter\Boot::runCodeIgniter(Object(CodeIgniter\CodeIgniter))
 6 FCPATH\index.php(56): CodeIgniter\Boot::bootWeb(Object(Config\Paths))
 7 SYSTEMPATH\rewrite.php(44): require_once('C:\\xampp\\htdocs\\sneha\\codeigniter\\adminpanel_ci\\public\\index.php')
CRITICAL - 2024-12-11 12:03:20 --> Error: Method name must be a string
[Method: POST, Route: event/insert]
in APPPATH\Controllers\EventController.php on line 56.
 1 SYSTEMPATH\CodeIgniter.php(933): App\Controllers\EventController->insert()
 2 SYSTEMPATH\CodeIgniter.php(509): CodeIgniter\CodeIgniter->runController(Object(App\Controllers\EventController))
 3 SYSTEMPATH\CodeIgniter.php(355): CodeIgniter\CodeIgniter->handleRequest(null, Object(Config\Cache), false)
 4 SYSTEMPATH\Boot.php(325): CodeIgniter\CodeIgniter->run()
 5 SYSTEMPATH\Boot.php(67): CodeIgniter\Boot::runCodeIgniter(Object(CodeIgniter\CodeIgniter))
 6 FCPATH\index.php(56): CodeIgniter\Boot::bootWeb(Object(Config\Paths))
 7 SYSTEMPATH\rewrite.php(44): require_once('C:\\xampp\\htdocs\\sneha\\codeigniter\\adminpanel_ci\\public\\index.php')
ERROR - 2024-12-11 12:04:33 --> mysqli_sql_exception: Column 'event_images' cannot be null in C:\xampp\htdocs\sneha\codeigniter\adminpanel_ci\system\Database\MySQLi\Connection.php:312
Stack trace:
#0 C:\xampp\htdocs\sneha\codeigniter\adminpanel_ci\system\Database\MySQLi\Connection.php(312): mysqli->query('INSERT INTO `ev...', 0)
#1 C:\xampp\htdocs\sneha\codeigniter\adminpanel_ci\system\Database\BaseConnection.php(734): CodeIgniter\Database\MySQLi\Connection->execute('INSERT INTO `ev...')
#2 C:\xampp\htdocs\sneha\codeigniter\adminpanel_ci\system\Database\BaseConnection.php(648): CodeIgniter\Database\BaseConnection->simpleQuery('INSERT INTO `ev...')
#3 C:\xampp\htdocs\sneha\codeigniter\adminpanel_ci\system\Database\BaseBuilder.php(2340): CodeIgniter\Database\BaseConnection->query('INSERT INTO `ev...', Array, false)
#4 C:\xampp\htdocs\sneha\codeigniter\adminpanel_ci\system\Model.php(394): CodeIgniter\Database\BaseBuilder->insert()
#5 C:\xampp\htdocs\sneha\codeigniter\adminpanel_ci\system\BaseModel.php(840): CodeIgniter\Model->doInsert(Array)
#6 C:\xampp\htdocs\sneha\codeigniter\adminpanel_ci\system\Model.php(802): CodeIgniter\BaseModel->insert(Array, false)
#7 C:\xampp\htdocs\sneha\codeigniter\adminpanel_ci\system\BaseModel.php(751): CodeIgniter\Model->insert(Array, false)
#8 C:\xampp\htdocs\sneha\codeigniter\adminpanel_ci\app\Controllers\EventController.php(47): CodeIgniter\BaseModel->save(Array)
#9 C:\xampp\htdocs\sneha\codeigniter\adminpanel_ci\system\CodeIgniter.php(933): App\Controllers\EventController->insert()
#10 C:\xampp\htdocs\sneha\codeigniter\adminpanel_ci\system\CodeIgniter.php(509): CodeIgniter\CodeIgniter->runController(Object(App\Controllers\EventController))
#11 C:\xampp\htdocs\sneha\codeigniter\adminpanel_ci\system\CodeIgniter.php(355): CodeIgniter\CodeIgniter->handleRequest(NULL, Object(Config\Cache), false)
#12 C:\xampp\htdocs\sneha\codeigniter\adminpanel_ci\system\Boot.php(325): CodeIgniter\CodeIgniter->run()
#13 C:\xampp\htdocs\sneha\codeigniter\adminpanel_ci\system\Boot.php(67): CodeIgniter\Boot::runCodeIgniter(Object(CodeIgniter\CodeIgniter))
#14 C:\xampp\htdocs\sneha\codeigniter\adminpanel_ci\public\index.php(56): CodeIgniter\Boot::bootWeb(Object(Config\Paths))
#15 C:\xampp\htdocs\sneha\codeigniter\adminpanel_ci\system\rewrite.php(44): require_once('C:\\xampp\\htdocs...')
#16 {main}
CRITICAL - 2024-12-11 12:04:33 --> CodeIgniter\Database\Exceptions\DatabaseException: Column 'event_images' cannot be null
[Method: POST, Route: event/insert]
in SYSTEMPATH\Database\BaseConnection.php on line 688.
 1 SYSTEMPATH\Database\BaseBuilder.php(2340): CodeIgniter\Database\BaseConnection->query('INSERT INTO `event` (`event_name`, `description`, `location`, `start_date`, `end_date`, `booking_ticket`, `no_of_tickets`, `category_id`, `event_images`) VALUES (:event_name:, :description:, :location:, :start_date:, :end_date:, :booking_ticket:, :no_of_tickets:, :category_id:, :event_images:)', [...], false)
 2 SYSTEMPATH\Model.php(394): CodeIgniter\Database\BaseBuilder->insert()
 3 SYSTEMPATH\BaseModel.php(840): CodeIgniter\Model->doInsert([...])
 4 SYSTEMPATH\Model.php(802): CodeIgniter\BaseModel->insert([...], false)
 5 SYSTEMPATH\BaseModel.php(751): CodeIgniter\Model->insert([...], false)
 6 APPPATH\Controllers\EventController.php(47): CodeIgniter\BaseModel->save([...])
 7 SYSTEMPATH\CodeIgniter.php(933): App\Controllers\EventController->insert()
 8 SYSTEMPATH\CodeIgniter.php(509): CodeIgniter\CodeIgniter->runController(Object(App\Controllers\EventController))
 9 SYSTEMPATH\CodeIgniter.php(355): CodeIgniter\CodeIgniter->handleRequest(null, Object(Config\Cache), false)
10 SYSTEMPATH\Boot.php(325): CodeIgniter\CodeIgniter->run()
11 SYSTEMPATH\Boot.php(67): CodeIgniter\Boot::runCodeIgniter(Object(CodeIgniter\CodeIgniter))
12 FCPATH\index.php(56): CodeIgniter\Boot::bootWeb(Object(Config\Paths))
13 SYSTEMPATH\rewrite.php(44): require_once('C:\\xampp\\htdocs\\sneha\\codeigniter\\adminpanel_ci\\public\\index.php')
CRITICAL - 2024-12-11 12:04:33 --> [Caused by] CodeIgniter\Database\Exceptions\DatabaseException: Column 'event_images' cannot be null
in SYSTEMPATH\Database\MySQLi\Connection.php on line 317.
 1 SYSTEMPATH\Database\BaseConnection.php(734): CodeIgniter\Database\MySQLi\Connection->execute('INSERT INTO `event` (`event_name`, `description`, `location`, `start_date`, `end_date`, `booking_ticket`, `no_of_tickets`, `category_id`, `event_images`) VALUES (\'event 4\', \'fgjfg\', \'Ahmdavad\', \'2024-12-11T17:34\', \'2024-12-20T17:34\', \'10000\', \'10\', \'1\', NULL)')
 2 SYSTEMPATH\Database\BaseConnection.php(648): CodeIgniter\Database\BaseConnection->simpleQuery('INSERT INTO `event` (`event_name`, `description`, `location`, `start_date`, `end_date`, `booking_ticket`, `no_of_tickets`, `category_id`, `event_images`) VALUES (\'event 4\', \'fgjfg\', \'Ahmdavad\', \'2024-12-11T17:34\', \'2024-12-20T17:34\', \'10000\', \'10\', \'1\', NULL)')
 3 SYSTEMPATH\Database\BaseBuilder.php(2340): CodeIgniter\Database\BaseConnection->query('INSERT INTO `event` (`event_name`, `description`, `location`, `start_date`, `end_date`, `booking_ticket`, `no_of_tickets`, `category_id`, `event_images`) VALUES (:event_name:, :description:, :location:, :start_date:, :end_date:, :booking_ticket:, :no_of_tickets:, :category_id:, :event_images:)', [...], false)
 4 SYSTEMPATH\Model.php(394): CodeIgniter\Database\BaseBuilder->insert()
 5 SYSTEMPATH\BaseModel.php(840): CodeIgniter\Model->doInsert([...])
 6 SYSTEMPATH\Model.php(802): CodeIgniter\BaseModel->insert([...], false)
 7 SYSTEMPATH\BaseModel.php(751): CodeIgniter\Model->insert([...], false)
 8 APPPATH\Controllers\EventController.php(47): CodeIgniter\BaseModel->save([...])
 9 SYSTEMPATH\CodeIgniter.php(933): App\Controllers\EventController->insert()
10 SYSTEMPATH\CodeIgniter.php(509): CodeIgniter\CodeIgniter->runController(Object(App\Controllers\EventController))
11 SYSTEMPATH\CodeIgniter.php(355): CodeIgniter\CodeIgniter->handleRequest(null, Object(Config\Cache), false)
12 SYSTEMPATH\Boot.php(325): CodeIgniter\CodeIgniter->run()
13 SYSTEMPATH\Boot.php(67): CodeIgniter\Boot::runCodeIgniter(Object(CodeIgniter\CodeIgniter))
14 FCPATH\index.php(56): CodeIgniter\Boot::bootWeb(Object(Config\Paths))
15 SYSTEMPATH\rewrite.php(44): require_once('C:\\xampp\\htdocs\\sneha\\codeigniter\\adminpanel_ci\\public\\index.php')
CRITICAL - 2024-12-11 12:04:33 --> [Caused by] mysqli_sql_exception: Column 'event_images' cannot be null
in SYSTEMPATH\Database\MySQLi\Connection.php on line 312.
 1 SYSTEMPATH\Database\MySQLi\Connection.php(312): mysqli->query('INSERT INTO `event` (`event_name`, `description`, `location`, `start_date`, `end_date`, `booking_ticket`, `no_of_tickets`, `category_id`, `event_images`) VALUES (\'event 4\', \'fgjfg\', \'Ahmdavad\', \'2024-12-11T17:34\', \'2024-12-20T17:34\', \'10000\', \'10\', \'1\', NULL)', 0)
 2 SYSTEMPATH\Database\BaseConnection.php(734): CodeIgniter\Database\MySQLi\Connection->execute('INSERT INTO `event` (`event_name`, `description`, `location`, `start_date`, `end_date`, `booking_ticket`, `no_of_tickets`, `category_id`, `event_images`) VALUES (\'event 4\', \'fgjfg\', \'Ahmdavad\', \'2024-12-11T17:34\', \'2024-12-20T17:34\', \'10000\', \'10\', \'1\', NULL)')
 3 SYSTEMPATH\Database\BaseConnection.php(648): CodeIgniter\Database\BaseConnection->simpleQuery('INSERT INTO `event` (`event_name`, `description`, `location`, `start_date`, `end_date`, `booking_ticket`, `no_of_tickets`, `category_id`, `event_images`) VALUES (\'event 4\', \'fgjfg\', \'Ahmdavad\', \'2024-12-11T17:34\', \'2024-12-20T17:34\', \'10000\', \'10\', \'1\', NULL)')
 4 SYSTEMPATH\Database\BaseBuilder.php(2340): CodeIgniter\Database\BaseConnection->query('INSERT INTO `event` (`event_name`, `description`, `location`, `start_date`, `end_date`, `booking_ticket`, `no_of_tickets`, `category_id`, `event_images`) VALUES (:event_name:, :description:, :location:, :start_date:, :end_date:, :booking_ticket:, :no_of_tickets:, :category_id:, :event_images:)', [...], false)
 5 SYSTEMPATH\Model.php(394): CodeIgniter\Database\BaseBuilder->insert()
 6 SYSTEMPATH\BaseModel.php(840): CodeIgniter\Model->doInsert([...])
 7 SYSTEMPATH\Model.php(802): CodeIgniter\BaseModel->insert([...], false)
 8 SYSTEMPATH\BaseModel.php(751): CodeIgniter\Model->insert([...], false)
 9 APPPATH\Controllers\EventController.php(47): CodeIgniter\BaseModel->save([...])
10 SYSTEMPATH\CodeIgniter.php(933): App\Controllers\EventController->insert()
11 SYSTEMPATH\CodeIgniter.php(509): CodeIgniter\CodeIgniter->runController(Object(App\Controllers\EventController))
12 SYSTEMPATH\CodeIgniter.php(355): CodeIgniter\CodeIgniter->handleRequest(null, Object(Config\Cache), false)
13 SYSTEMPATH\Boot.php(325): CodeIgniter\CodeIgniter->run()
14 SYSTEMPATH\Boot.php(67): CodeIgniter\Boot::runCodeIgniter(Object(CodeIgniter\CodeIgniter))
15 FCPATH\index.php(56): CodeIgniter\Boot::bootWeb(Object(Config\Paths))
16 SYSTEMPATH\rewrite.php(44): require_once('C:\\xampp\\htdocs\\sneha\\codeigniter\\adminpanel_ci\\public\\index.php')
ERROR - 2024-12-11 12:06:47 --> mysqli_sql_exception: Column 'event_images' cannot be null in C:\xampp\htdocs\sneha\codeigniter\adminpanel_ci\system\Database\MySQLi\Connection.php:312
Stack trace:
#0 C:\xampp\htdocs\sneha\codeigniter\adminpanel_ci\system\Database\MySQLi\Connection.php(312): mysqli->query('INSERT INTO `ev...', 0)
#1 C:\xampp\htdocs\sneha\codeigniter\adminpanel_ci\system\Database\BaseConnection.php(734): CodeIgniter\Database\MySQLi\Connection->execute('INSERT INTO `ev...')
#2 C:\xampp\htdocs\sneha\codeigniter\adminpanel_ci\system\Database\BaseConnection.php(648): CodeIgniter\Database\BaseConnection->simpleQuery('INSERT INTO `ev...')
#3 C:\xampp\htdocs\sneha\codeigniter\adminpanel_ci\system\Database\BaseBuilder.php(2340): CodeIgniter\Database\BaseConnection->query('INSERT INTO `ev...', Array, false)
#4 C:\xampp\htdocs\sneha\codeigniter\adminpanel_ci\system\Model.php(394): CodeIgniter\Database\BaseBuilder->insert()
#5 C:\xampp\htdocs\sneha\codeigniter\adminpanel_ci\system\BaseModel.php(840): CodeIgniter\Model->doInsert(Array)
#6 C:\xampp\htdocs\sneha\codeigniter\adminpanel_ci\system\Model.php(802): CodeIgniter\BaseModel->insert(Array, false)
#7 C:\xampp\htdocs\sneha\codeigniter\adminpanel_ci\system\BaseModel.php(751): CodeIgniter\Model->insert(Array, false)
#8 C:\xampp\htdocs\sneha\codeigniter\adminpanel_ci\app\Controllers\EventController.php(47): CodeIgniter\BaseModel->save(Array)
#9 C:\xampp\htdocs\sneha\codeigniter\adminpanel_ci\system\CodeIgniter.php(933): App\Controllers\EventController->insert()
#10 C:\xampp\htdocs\sneha\codeigniter\adminpanel_ci\system\CodeIgniter.php(509): CodeIgniter\CodeIgniter->runController(Object(App\Controllers\EventController))
#11 C:\xampp\htdocs\sneha\codeigniter\adminpanel_ci\system\CodeIgniter.php(355): CodeIgniter\CodeIgniter->handleRequest(NULL, Object(Config\Cache), false)
#12 C:\xampp\htdocs\sneha\codeigniter\adminpanel_ci\system\Boot.php(325): CodeIgniter\CodeIgniter->run()
#13 C:\xampp\htdocs\sneha\codeigniter\adminpanel_ci\system\Boot.php(67): CodeIgniter\Boot::runCodeIgniter(Object(CodeIgniter\CodeIgniter))
#14 C:\xampp\htdocs\sneha\codeigniter\adminpanel_ci\public\index.php(56): CodeIgniter\Boot::bootWeb(Object(Config\Paths))
#15 C:\xampp\htdocs\sneha\codeigniter\adminpanel_ci\system\rewrite.php(44): require_once('C:\\xampp\\htdocs...')
#16 {main}
CRITICAL - 2024-12-11 12:06:47 --> CodeIgniter\Database\Exceptions\DatabaseException: Column 'event_images' cannot be null
[Method: POST, Route: event/insert]
in SYSTEMPATH\Database\BaseConnection.php on line 688.
 1 SYSTEMPATH\Database\BaseBuilder.php(2340): CodeIgniter\Database\BaseConnection->query('INSERT INTO `event` (`event_name`, `description`, `location`, `start_date`, `end_date`, `booking_ticket`, `no_of_tickets`, `category_id`, `event_images`) VALUES (:event_name:, :description:, :location:, :start_date:, :end_date:, :booking_ticket:, :no_of_tickets:, :category_id:, :event_images:)', [...], false)
 2 SYSTEMPATH\Model.php(394): CodeIgniter\Database\BaseBuilder->insert()
 3 SYSTEMPATH\BaseModel.php(840): CodeIgniter\Model->doInsert([...])
 4 SYSTEMPATH\Model.php(802): CodeIgniter\BaseModel->insert([...], false)
 5 SYSTEMPATH\BaseModel.php(751): CodeIgniter\Model->insert([...], false)
 6 APPPATH\Controllers\EventController.php(47): CodeIgniter\BaseModel->save([...])
 7 SYSTEMPATH\CodeIgniter.php(933): App\Controllers\EventController->insert()
 8 SYSTEMPATH\CodeIgniter.php(509): CodeIgniter\CodeIgniter->runController(Object(App\Controllers\EventController))
 9 SYSTEMPATH\CodeIgniter.php(355): CodeIgniter\CodeIgniter->handleRequest(null, Object(Config\Cache), false)
10 SYSTEMPATH\Boot.php(325): CodeIgniter\CodeIgniter->run()
11 SYSTEMPATH\Boot.php(67): CodeIgniter\Boot::runCodeIgniter(Object(CodeIgniter\CodeIgniter))
12 FCPATH\index.php(56): CodeIgniter\Boot::bootWeb(Object(Config\Paths))
13 SYSTEMPATH\rewrite.php(44): require_once('C:\\xampp\\htdocs\\sneha\\codeigniter\\adminpanel_ci\\public\\index.php')
CRITICAL - 2024-12-11 12:06:47 --> [Caused by] CodeIgniter\Database\Exceptions\DatabaseException: Column 'event_images' cannot be null
in SYSTEMPATH\Database\MySQLi\Connection.php on line 317.
 1 SYSTEMPATH\Database\BaseConnection.php(734): CodeIgniter\Database\MySQLi\Connection->execute('INSERT INTO `event` (`event_name`, `description`, `location`, `start_date`, `end_date`, `booking_ticket`, `no_of_tickets`, `category_id`, `event_images`) VALUES (\'event 4\', \'ufyuk\', \'Ahmdavad\', \'2024-12-11T17:36\', \'2024-12-19T17:36\', \'10000\', \'10\', \'2\', NULL)')
 2 SYSTEMPATH\Database\BaseConnection.php(648): CodeIgniter\Database\BaseConnection->simpleQuery('INSERT INTO `event` (`event_name`, `description`, `location`, `start_date`, `end_date`, `booking_ticket`, `no_of_tickets`, `category_id`, `event_images`) VALUES (\'event 4\', \'ufyuk\', \'Ahmdavad\', \'2024-12-11T17:36\', \'2024-12-19T17:36\', \'10000\', \'10\', \'2\', NULL)')
 3 SYSTEMPATH\Database\BaseBuilder.php(2340): CodeIgniter\Database\BaseConnection->query('INSERT INTO `event` (`event_name`, `description`, `location`, `start_date`, `end_date`, `booking_ticket`, `no_of_tickets`, `category_id`, `event_images`) VALUES (:event_name:, :description:, :location:, :start_date:, :end_date:, :booking_ticket:, :no_of_tickets:, :category_id:, :event_images:)', [...], false)
 4 SYSTEMPATH\Model.php(394): CodeIgniter\Database\BaseBuilder->insert()
 5 SYSTEMPATH\BaseModel.php(840): CodeIgniter\Model->doInsert([...])
 6 SYSTEMPATH\Model.php(802): CodeIgniter\BaseModel->insert([...], false)
 7 SYSTEMPATH\BaseModel.php(751): CodeIgniter\Model->insert([...], false)
 8 APPPATH\Controllers\EventController.php(47): CodeIgniter\BaseModel->save([...])
 9 SYSTEMPATH\CodeIgniter.php(933): App\Controllers\EventController->insert()
10 SYSTEMPATH\CodeIgniter.php(509): CodeIgniter\CodeIgniter->runController(Object(App\Controllers\EventController))
11 SYSTEMPATH\CodeIgniter.php(355): CodeIgniter\CodeIgniter->handleRequest(null, Object(Config\Cache), false)
12 SYSTEMPATH\Boot.php(325): CodeIgniter\CodeIgniter->run()
13 SYSTEMPATH\Boot.php(67): CodeIgniter\Boot::runCodeIgniter(Object(CodeIgniter\CodeIgniter))
14 FCPATH\index.php(56): CodeIgniter\Boot::bootWeb(Object(Config\Paths))
15 SYSTEMPATH\rewrite.php(44): require_once('C:\\xampp\\htdocs\\sneha\\codeigniter\\adminpanel_ci\\public\\index.php')
CRITICAL - 2024-12-11 12:06:47 --> [Caused by] mysqli_sql_exception: Column 'event_images' cannot be null
in SYSTEMPATH\Database\MySQLi\Connection.php on line 312.
 1 SYSTEMPATH\Database\MySQLi\Connection.php(312): mysqli->query('INSERT INTO `event` (`event_name`, `description`, `location`, `start_date`, `end_date`, `booking_ticket`, `no_of_tickets`, `category_id`, `event_images`) VALUES (\'event 4\', \'ufyuk\', \'Ahmdavad\', \'2024-12-11T17:36\', \'2024-12-19T17:36\', \'10000\', \'10\', \'2\', NULL)', 0)
 2 SYSTEMPATH\Database\BaseConnection.php(734): CodeIgniter\Database\MySQLi\Connection->execute('INSERT INTO `event` (`event_name`, `description`, `location`, `start_date`, `end_date`, `booking_ticket`, `no_of_tickets`, `category_id`, `event_images`) VALUES (\'event 4\', \'ufyuk\', \'Ahmdavad\', \'2024-12-11T17:36\', \'2024-12-19T17:36\', \'10000\', \'10\', \'2\', NULL)')
 3 SYSTEMPATH\Database\BaseConnection.php(648): CodeIgniter\Database\BaseConnection->simpleQuery('INSERT INTO `event` (`event_name`, `description`, `location`, `start_date`, `end_date`, `booking_ticket`, `no_of_tickets`, `category_id`, `event_images`) VALUES (\'event 4\', \'ufyuk\', \'Ahmdavad\', \'2024-12-11T17:36\', \'2024-12-19T17:36\', \'10000\', \'10\', \'2\', NULL)')
 4 SYSTEMPATH\Database\BaseBuilder.php(2340): CodeIgniter\Database\BaseConnection->query('INSERT INTO `event` (`event_name`, `description`, `location`, `start_date`, `end_date`, `booking_ticket`, `no_of_tickets`, `category_id`, `event_images`) VALUES (:event_name:, :description:, :location:, :start_date:, :end_date:, :booking_ticket:, :no_of_tickets:, :category_id:, :event_images:)', [...], false)
 5 SYSTEMPATH\Model.php(394): CodeIgniter\Database\BaseBuilder->insert()
 6 SYSTEMPATH\BaseModel.php(840): CodeIgniter\Model->doInsert([...])
 7 SYSTEMPATH\Model.php(802): CodeIgniter\BaseModel->insert([...], false)
 8 SYSTEMPATH\BaseModel.php(751): CodeIgniter\Model->insert([...], false)
 9 APPPATH\Controllers\EventController.php(47): CodeIgniter\BaseModel->save([...])
10 SYSTEMPATH\CodeIgniter.php(933): App\Controllers\EventController->insert()
11 SYSTEMPATH\CodeIgniter.php(509): CodeIgniter\CodeIgniter->runController(Object(App\Controllers\EventController))
12 SYSTEMPATH\CodeIgniter.php(355): CodeIgniter\CodeIgniter->handleRequest(null, Object(Config\Cache), false)
13 SYSTEMPATH\Boot.php(325): CodeIgniter\CodeIgniter->run()
14 SYSTEMPATH\Boot.php(67): CodeIgniter\Boot::runCodeIgniter(Object(CodeIgniter\CodeIgniter))
15 FCPATH\index.php(56): CodeIgniter\Boot::bootWeb(Object(Config\Paths))
16 SYSTEMPATH\rewrite.php(44): require_once('C:\\xampp\\htdocs\\sneha\\codeigniter\\adminpanel_ci\\public\\index.php')
ERROR - 2024-12-11 12:17:25 --> mysqli_sql_exception: Column 'event_images' cannot be null in C:\xampp\htdocs\sneha\codeigniter\adminpanel_ci\system\Database\MySQLi\Connection.php:312
Stack trace:
#0 C:\xampp\htdocs\sneha\codeigniter\adminpanel_ci\system\Database\MySQLi\Connection.php(312): mysqli->query('INSERT INTO `ev...', 0)
#1 C:\xampp\htdocs\sneha\codeigniter\adminpanel_ci\system\Database\BaseConnection.php(734): CodeIgniter\Database\MySQLi\Connection->execute('INSERT INTO `ev...')
#2 C:\xampp\htdocs\sneha\codeigniter\adminpanel_ci\system\Database\BaseConnection.php(648): CodeIgniter\Database\BaseConnection->simpleQuery('INSERT INTO `ev...')
#3 C:\xampp\htdocs\sneha\codeigniter\adminpanel_ci\system\Database\BaseBuilder.php(2340): CodeIgniter\Database\BaseConnection->query('INSERT INTO `ev...', Array, false)
#4 C:\xampp\htdocs\sneha\codeigniter\adminpanel_ci\system\Model.php(394): CodeIgniter\Database\BaseBuilder->insert()
#5 C:\xampp\htdocs\sneha\codeigniter\adminpanel_ci\system\BaseModel.php(840): CodeIgniter\Model->doInsert(Array)
#6 C:\xampp\htdocs\sneha\codeigniter\adminpanel_ci\system\Model.php(802): CodeIgniter\BaseModel->insert(Array, false)
#7 C:\xampp\htdocs\sneha\codeigniter\adminpanel_ci\system\BaseModel.php(751): CodeIgniter\Model->insert(Array, false)
#8 C:\xampp\htdocs\sneha\codeigniter\adminpanel_ci\app\Controllers\EventController.php(52): CodeIgniter\BaseModel->save(Array)
#9 C:\xampp\htdocs\sneha\codeigniter\adminpanel_ci\system\CodeIgniter.php(933): App\Controllers\EventController->insert()
#10 C:\xampp\htdocs\sneha\codeigniter\adminpanel_ci\system\CodeIgniter.php(509): CodeIgniter\CodeIgniter->runController(Object(App\Controllers\EventController))
#11 C:\xampp\htdocs\sneha\codeigniter\adminpanel_ci\system\CodeIgniter.php(355): CodeIgniter\CodeIgniter->handleRequest(NULL, Object(Config\Cache), false)
#12 C:\xampp\htdocs\sneha\codeigniter\adminpanel_ci\system\Boot.php(325): CodeIgniter\CodeIgniter->run()
#13 C:\xampp\htdocs\sneha\codeigniter\adminpanel_ci\system\Boot.php(67): CodeIgniter\Boot::runCodeIgniter(Object(CodeIgniter\CodeIgniter))
#14 C:\xampp\htdocs\sneha\codeigniter\adminpanel_ci\public\index.php(56): CodeIgniter\Boot::bootWeb(Object(Config\Paths))
#15 C:\xampp\htdocs\sneha\codeigniter\adminpanel_ci\system\rewrite.php(44): require_once('C:\\xampp\\htdocs...')
#16 {main}
CRITICAL - 2024-12-11 12:17:25 --> CodeIgniter\Database\Exceptions\DatabaseException: Column 'event_images' cannot be null
[Method: POST, Route: event/insert]
in SYSTEMPATH\Database\BaseConnection.php on line 688.
 1 SYSTEMPATH\Database\BaseBuilder.php(2340): CodeIgniter\Database\BaseConnection->query('INSERT INTO `event` (`event_name`, `description`, `location`, `start_date`, `end_date`, `booking_ticket`, `no_of_tickets`, `category_id`, `event_images`) VALUES (:event_name:, :description:, :location:, :start_date:, :end_date:, :booking_ticket:, :no_of_tickets:, :category_id:, :event_images:)', [...], false)
 2 SYSTEMPATH\Model.php(394): CodeIgniter\Database\BaseBuilder->insert()
 3 SYSTEMPATH\BaseModel.php(840): CodeIgniter\Model->doInsert([...])
 4 SYSTEMPATH\Model.php(802): CodeIgniter\BaseModel->insert([...], false)
 5 SYSTEMPATH\BaseModel.php(751): CodeIgniter\Model->insert([...], false)
 6 APPPATH\Controllers\EventController.php(52): CodeIgniter\BaseModel->save([...])
 7 SYSTEMPATH\CodeIgniter.php(933): App\Controllers\EventController->insert()
 8 SYSTEMPATH\CodeIgniter.php(509): CodeIgniter\CodeIgniter->runController(Object(App\Controllers\EventController))
 9 SYSTEMPATH\CodeIgniter.php(355): CodeIgniter\CodeIgniter->handleRequest(null, Object(Config\Cache), false)
10 SYSTEMPATH\Boot.php(325): CodeIgniter\CodeIgniter->run()
11 SYSTEMPATH\Boot.php(67): CodeIgniter\Boot::runCodeIgniter(Object(CodeIgniter\CodeIgniter))
12 FCPATH\index.php(56): CodeIgniter\Boot::bootWeb(Object(Config\Paths))
13 SYSTEMPATH\rewrite.php(44): require_once('C:\\xampp\\htdocs\\sneha\\codeigniter\\adminpanel_ci\\public\\index.php')
CRITICAL - 2024-12-11 12:17:25 --> [Caused by] CodeIgniter\Database\Exceptions\DatabaseException: Column 'event_images' cannot be null
in SYSTEMPATH\Database\MySQLi\Connection.php on line 317.
 1 SYSTEMPATH\Database\BaseConnection.php(734): CodeIgniter\Database\MySQLi\Connection->execute('INSERT INTO `event` (`event_name`, `description`, `location`, `start_date`, `end_date`, `booking_ticket`, `no_of_tickets`, `category_id`, `event_images`) VALUES (\'event 1\', \'hkhjkhjk\', \'Vadodra\', \'2024-12-11T17:47\', \'2024-12-20T17:47\', \'100\', \'10\', \'1\', NULL)')
 2 SYSTEMPATH\Database\BaseConnection.php(648): CodeIgniter\Database\BaseConnection->simpleQuery('INSERT INTO `event` (`event_name`, `description`, `location`, `start_date`, `end_date`, `booking_ticket`, `no_of_tickets`, `category_id`, `event_images`) VALUES (\'event 1\', \'hkhjkhjk\', \'Vadodra\', \'2024-12-11T17:47\', \'2024-12-20T17:47\', \'100\', \'10\', \'1\', NULL)')
 3 SYSTEMPATH\Database\BaseBuilder.php(2340): CodeIgniter\Database\BaseConnection->query('INSERT INTO `event` (`event_name`, `description`, `location`, `start_date`, `end_date`, `booking_ticket`, `no_of_tickets`, `category_id`, `event_images`) VALUES (:event_name:, :description:, :location:, :start_date:, :end_date:, :booking_ticket:, :no_of_tickets:, :category_id:, :event_images:)', [...], false)
 4 SYSTEMPATH\Model.php(394): CodeIgniter\Database\BaseBuilder->insert()
 5 SYSTEMPATH\BaseModel.php(840): CodeIgniter\Model->doInsert([...])
 6 SYSTEMPATH\Model.php(802): CodeIgniter\BaseModel->insert([...], false)
 7 SYSTEMPATH\BaseModel.php(751): CodeIgniter\Model->insert([...], false)
 8 APPPATH\Controllers\EventController.php(52): CodeIgniter\BaseModel->save([...])
 9 SYSTEMPATH\CodeIgniter.php(933): App\Controllers\EventController->insert()
10 SYSTEMPATH\CodeIgniter.php(509): CodeIgniter\CodeIgniter->runController(Object(App\Controllers\EventController))
11 SYSTEMPATH\CodeIgniter.php(355): CodeIgniter\CodeIgniter->handleRequest(null, Object(Config\Cache), false)
12 SYSTEMPATH\Boot.php(325): CodeIgniter\CodeIgniter->run()
13 SYSTEMPATH\Boot.php(67): CodeIgniter\Boot::runCodeIgniter(Object(CodeIgniter\CodeIgniter))
14 FCPATH\index.php(56): CodeIgniter\Boot::bootWeb(Object(Config\Paths))
15 SYSTEMPATH\rewrite.php(44): require_once('C:\\xampp\\htdocs\\sneha\\codeigniter\\adminpanel_ci\\public\\index.php')
CRITICAL - 2024-12-11 12:17:25 --> [Caused by] mysqli_sql_exception: Column 'event_images' cannot be null
in SYSTEMPATH\Database\MySQLi\Connection.php on line 312.
 1 SYSTEMPATH\Database\MySQLi\Connection.php(312): mysqli->query('INSERT INTO `event` (`event_name`, `description`, `location`, `start_date`, `end_date`, `booking_ticket`, `no_of_tickets`, `category_id`, `event_images`) VALUES (\'event 1\', \'hkhjkhjk\', \'Vadodra\', \'2024-12-11T17:47\', \'2024-12-20T17:47\', \'100\', \'10\', \'1\', NULL)', 0)
 2 SYSTEMPATH\Database\BaseConnection.php(734): CodeIgniter\Database\MySQLi\Connection->execute('INSERT INTO `event` (`event_name`, `description`, `location`, `start_date`, `end_date`, `booking_ticket`, `no_of_tickets`, `category_id`, `event_images`) VALUES (\'event 1\', \'hkhjkhjk\', \'Vadodra\', \'2024-12-11T17:47\', \'2024-12-20T17:47\', \'100\', \'10\', \'1\', NULL)')
 3 SYSTEMPATH\Database\BaseConnection.php(648): CodeIgniter\Database\BaseConnection->simpleQuery('INSERT INTO `event` (`event_name`, `description`, `location`, `start_date`, `end_date`, `booking_ticket`, `no_of_tickets`, `category_id`, `event_images`) VALUES (\'event 1\', \'hkhjkhjk\', \'Vadodra\', \'2024-12-11T17:47\', \'2024-12-20T17:47\', \'100\', \'10\', \'1\', NULL)')
 4 SYSTEMPATH\Database\BaseBuilder.php(2340): CodeIgniter\Database\BaseConnection->query('INSERT INTO `event` (`event_name`, `description`, `location`, `start_date`, `end_date`, `booking_ticket`, `no_of_tickets`, `category_id`, `event_images`) VALUES (:event_name:, :description:, :location:, :start_date:, :end_date:, :booking_ticket:, :no_of_tickets:, :category_id:, :event_images:)', [...], false)
 5 SYSTEMPATH\Model.php(394): CodeIgniter\Database\BaseBuilder->insert()
 6 SYSTEMPATH\BaseModel.php(840): CodeIgniter\Model->doInsert([...])
 7 SYSTEMPATH\Model.php(802): CodeIgniter\BaseModel->insert([...], false)
 8 SYSTEMPATH\BaseModel.php(751): CodeIgniter\Model->insert([...], false)
 9 APPPATH\Controllers\EventController.php(52): CodeIgniter\BaseModel->save([...])
10 SYSTEMPATH\CodeIgniter.php(933): App\Controllers\EventController->insert()
11 SYSTEMPATH\CodeIgniter.php(509): CodeIgniter\CodeIgniter->runController(Object(App\Controllers\EventController))
12 SYSTEMPATH\CodeIgniter.php(355): CodeIgniter\CodeIgniter->handleRequest(null, Object(Config\Cache), false)
13 SYSTEMPATH\Boot.php(325): CodeIgniter\CodeIgniter->run()
14 SYSTEMPATH\Boot.php(67): CodeIgniter\Boot::runCodeIgniter(Object(CodeIgniter\CodeIgniter))
15 FCPATH\index.php(56): CodeIgniter\Boot::bootWeb(Object(Config\Paths))
16 SYSTEMPATH\rewrite.php(44): require_once('C:\\xampp\\htdocs\\sneha\\codeigniter\\adminpanel_ci\\public\\index.php')
CRITICAL - 2024-12-11 12:41:48 --> CodeIgniter\HTTP\Exceptions\BadRequestException: The URI you submitted has disallowed characters: "1733919932_72c63f9e43aa82988856.jpg,1733919932_860e8d8d65ac2e09bcb5.jpg,1733919932_7b760e53b7cb41bd1bb0.jpg"
[Method: GET, Route: uploads/1733919932_72c63f9e43aa82988856.jpg,1733919932_860e8d8d65ac2e09bcb5.jpg,1733919932_7b760e53b7cb41bd1bb0.jpg]
in SYSTEMPATH\Router\Router.php on line 737.
 1 SYSTEMPATH\Router\Router.php(204): CodeIgniter\Router\Router->checkDisallowedChars('uploads/1733919932_72c63f9e43aa82988856.jpg,1733919932_860e8d8d65ac2e09bcb5.jpg,1733919932_7b760e53b7cb41bd1bb0.jpg')
 2 SYSTEMPATH\CodeIgniter.php(834): CodeIgniter\Router\Router->handle('uploads/1733919932_72c63f9e43aa82988856.jpg,1733919932_860e8d8d65ac2e09bcb5.jpg,1733919932_7b760e53b7cb41bd1bb0.jpg')
 3 SYSTEMPATH\CodeIgniter.php(457): CodeIgniter\CodeIgniter->tryToRouteIt(Object(CodeIgniter\Router\RouteCollection))
 4 SYSTEMPATH\CodeIgniter.php(355): CodeIgniter\CodeIgniter->handleRequest(null, Object(Config\Cache), false)
 5 SYSTEMPATH\Boot.php(325): CodeIgniter\CodeIgniter->run()
 6 SYSTEMPATH\Boot.php(67): CodeIgniter\Boot::runCodeIgniter(Object(CodeIgniter\CodeIgniter))
 7 FCPATH\index.php(56): CodeIgniter\Boot::bootWeb(Object(Config\Paths))
 8 SYSTEMPATH\rewrite.php(44): require_once('C:\\xampp\\htdocs\\sneha\\codeigniter\\adminpanel_ci\\public\\index.php')
CRITICAL - 2024-12-11 13:05:40 --> ErrorException: Undefined array key "profile_image"
[Method: GET, Route: event/details/3]
in APPPATH\Controllers\EventController.php on line 149.
 1 APPPATH\Controllers\EventController.php(149): CodeIgniter\Debug\Exceptions->errorHandler(2, 'Undefined array key "profile_image"', 'C:\\xampp\\htdocs\\sneha\\codeigniter\\adminpanel_ci\\app\\Controllers\\EventController.php', 149)
 2 SYSTEMPATH\CodeIgniter.php(933): App\Controllers\EventController->details('3')
 3 SYSTEMPATH\CodeIgniter.php(509): CodeIgniter\CodeIgniter->runController(Object(App\Controllers\EventController))
 4 SYSTEMPATH\CodeIgniter.php(355): CodeIgniter\CodeIgniter->handleRequest(null, Object(Config\Cache), false)
 5 SYSTEMPATH\Boot.php(325): CodeIgniter\CodeIgniter->run()
 6 SYSTEMPATH\Boot.php(67): CodeIgniter\Boot::runCodeIgniter(Object(CodeIgniter\CodeIgniter))
 7 FCPATH\index.php(56): CodeIgniter\Boot::bootWeb(Object(Config\Paths))
 8 SYSTEMPATH\rewrite.php(44): require_once('C:\\xampp\\htdocs\\sneha\\codeigniter\\adminpanel_ci\\public\\index.php')
CRITICAL - 2024-12-11 13:05:53 --> ErrorException: Undefined array key "profile_image"
[Method: GET, Route: event/details/1]
in APPPATH\Controllers\EventController.php on line 149.
 1 APPPATH\Controllers\EventController.php(149): CodeIgniter\Debug\Exceptions->errorHandler(2, 'Undefined array key "profile_image"', 'C:\\xampp\\htdocs\\sneha\\codeigniter\\adminpanel_ci\\app\\Controllers\\EventController.php', 149)
 2 SYSTEMPATH\CodeIgniter.php(933): App\Controllers\EventController->details('1')
 3 SYSTEMPATH\CodeIgniter.php(509): CodeIgniter\CodeIgniter->runController(Object(App\Controllers\EventController))
 4 SYSTEMPATH\CodeIgniter.php(355): CodeIgniter\CodeIgniter->handleRequest(null, Object(Config\Cache), false)
 5 SYSTEMPATH\Boot.php(325): CodeIgniter\CodeIgniter->run()
 6 SYSTEMPATH\Boot.php(67): CodeIgniter\Boot::runCodeIgniter(Object(CodeIgniter\CodeIgniter))
 7 FCPATH\index.php(56): CodeIgniter\Boot::bootWeb(Object(Config\Paths))
 8 SYSTEMPATH\rewrite.php(44): require_once('C:\\xampp\\htdocs\\sneha\\codeigniter\\adminpanel_ci\\public\\index.php')
CRITICAL - 2024-12-11 13:06:02 --> ErrorException: Undefined array key "profile_image"
[Method: GET, Route: event/details/1]
in APPPATH\Controllers\EventController.php on line 149.
 1 APPPATH\Controllers\EventController.php(149): CodeIgniter\Debug\Exceptions->errorHandler(2, 'Undefined array key "profile_image"', 'C:\\xampp\\htdocs\\sneha\\codeigniter\\adminpanel_ci\\app\\Controllers\\EventController.php', 149)
 2 SYSTEMPATH\CodeIgniter.php(933): App\Controllers\EventController->details('1')
 3 SYSTEMPATH\CodeIgniter.php(509): CodeIgniter\CodeIgniter->runController(Object(App\Controllers\EventController))
 4 SYSTEMPATH\CodeIgniter.php(355): CodeIgniter\CodeIgniter->handleRequest(null, Object(Config\Cache), false)
 5 SYSTEMPATH\Boot.php(325): CodeIgniter\CodeIgniter->run()
 6 SYSTEMPATH\Boot.php(67): CodeIgniter\Boot::runCodeIgniter(Object(CodeIgniter\CodeIgniter))
 7 FCPATH\index.php(56): CodeIgniter\Boot::bootWeb(Object(Config\Paths))
 8 SYSTEMPATH\rewrite.php(44): require_once('C:\\xampp\\htdocs\\sneha\\codeigniter\\adminpanel_ci\\public\\index.php')
